{"level":"info","message":"Protocol service started","network":"mantle-sepolia","port":3003,"service":"zk-kyc-backend","timestamp":"2025-12-26 19:01:33"}
{"level":"info","message":"Protocol service started","network":"mantle-sepolia","port":3003,"service":"zk-kyc-backend","timestamp":"2025-12-26 19:01:56"}
{"level":"info","message":"Using SQLite database","service":"zk-kyc-backend","timestamp":"2025-12-26 19:03:17"}
{"level":"info","message":"Protocol service started","network":"mantle-sepolia","port":3003,"service":"zk-kyc-backend","timestamp":"2025-12-26 19:03:17"}
{"level":"info","message":"Proof service started","port":3004,"service":"zk-kyc-backend","timestamp":"2025-12-26 19:03:17"}
{"environment":"development","level":"info","message":"API Gateway started","port":3000,"service":"zk-kyc-backend","timestamp":"2025-12-26 19:03:17"}
{"level":"info","message":"Issuer service started","network":"mantle-sepolia","port":3001,"service":"zk-kyc-backend","timestamp":"2025-12-26 19:03:17"}
{"level":"info","message":"User service started","network":"mantle-sepolia","port":3002,"service":"zk-kyc-backend","timestamp":"2025-12-26 19:03:17"}
{"level":"info","message":"Listening to CredentialRegistry events","service":"zk-kyc-backend","timestamp":"2025-12-26 19:03:17"}
{"level":"info","message":"Listening to ProtocolAccessControl events","service":"zk-kyc-backend","timestamp":"2025-12-26 19:03:17"}
{"level":"info","message":"All event listeners started","service":"zk-kyc-backend","timestamp":"2025-12-26 19:03:17"}
{"environment":"development","gateway":3000,"level":"info","message":"All backend services starting","service":"zk-kyc-backend","timestamp":"2025-12-26 19:03:17"}
{"level":"info","message":"Using SQLite database","service":"zk-kyc-backend","timestamp":"2025-12-26 19:03:33"}
{"level":"info","message":"Protocol service started","network":"mantle-sepolia","port":3003,"service":"zk-kyc-backend","timestamp":"2025-12-26 19:03:33"}
{"level":"info","message":"Proof service started","port":3004,"service":"zk-kyc-backend","timestamp":"2025-12-26 19:03:33"}
{"environment":"development","level":"info","message":"API Gateway started","port":3000,"service":"zk-kyc-backend","timestamp":"2025-12-26 19:03:33"}
{"level":"info","message":"Issuer service started","network":"mantle-sepolia","port":3001,"service":"zk-kyc-backend","timestamp":"2025-12-26 19:03:33"}
{"level":"info","message":"User service started","network":"mantle-sepolia","port":3002,"service":"zk-kyc-backend","timestamp":"2025-12-26 19:03:33"}
{"level":"info","message":"Listening to CredentialRegistry events","service":"zk-kyc-backend","timestamp":"2025-12-26 19:03:33"}
{"level":"info","message":"Listening to ProtocolAccessControl events","service":"zk-kyc-backend","timestamp":"2025-12-26 19:03:33"}
{"level":"info","message":"All event listeners started","service":"zk-kyc-backend","timestamp":"2025-12-26 19:03:33"}
{"environment":"development","gateway":3000,"level":"info","message":"All backend services starting","service":"zk-kyc-backend","timestamp":"2025-12-26 19:03:33"}
{"level":"info","message":"Protocol service started","network":"mantle-sepolia","port":3003,"service":"zk-kyc-backend","timestamp":"2025-12-26 21:05:21"}
{"level":"info","message":"Protocol service started","network":"mantle-sepolia","port":3003,"service":"zk-kyc-backend","timestamp":"2025-12-26 21:06:42"}
{"level":"info","message":"Protocol service started","network":"mantle-sepolia","port":3003,"service":"zk-kyc-backend","timestamp":"2025-12-26 21:50:43"}
{"level":"info","message":"Protocol service started","network":"mantle-sepolia","port":3003,"service":"zk-kyc-backend","timestamp":"2025-12-26 21:51:36"}
{"level":"info","message":"Protocol service started","network":"mantle-sepolia","port":3003,"service":"zk-kyc-backend","timestamp":"2025-12-26 21:51:52"}
{"level":"info","message":"Protocol service started","network":"mantle-sepolia","port":3003,"service":"zk-kyc-backend","timestamp":"2025-12-26 21:52:05"}
